2018-Feb-25 15:54:36.782964 INFO [daemon] RIVABITS v1.1.1.1()
2018-Feb-25 15:54:36.783124 INFO [daemon] Module folder: ./rivabitsd
2018-Feb-25 15:54:36.784081 INFO [daemon] Initializing p2p server...
2018-Feb-25 15:54:36.784250 INFO [node_server] Binding on 0.0.0.0:39168
2018-Feb-25 15:54:36.784350 INFO [node_server] Net service binded on 0.0.0.0:39168
2018-Feb-25 15:54:36.784392 INFO [node_server] Attempting to add IGD port mapping.
2018-Feb-25 15:54:40.790029 INFO [node_server] No IGD was found.
2018-Feb-25 15:54:40.790106 INFO [daemon] P2p server initialized OK
2018-Feb-25 15:54:40.790134 INFO [daemon] Initializing core...
2018-Feb-25 15:54:40.790277 INFO [Blockchain] Blockchain not loaded, generating genesis block.
2018-Feb-25 15:54:40.854464 INFO [Blockchain] Blockchain initialized. last block: 0, d2062.h5.m24.s40 time ago, current difficulty: 1
2018-Feb-25 15:54:40.854656 INFO [daemon] Core initialized OK
2018-Feb-25 15:54:40.854811 INFO [daemon] Starting core rpc server on address 127.0.0.1:39169
2018-Feb-25 15:54:40.854960 INFO [daemon] Core rpc server started ok
2018-Feb-25 15:54:40.855067 INFO [daemon] Starting p2p net loop...
2018-Feb-25 15:54:40.855158 INFO [node_server] Starting node_server
2018-Feb-25 15:54:45.569771 ERROR [node_server] Failed to connect to any of seed peers, continuing without seeds
2018-Feb-25 15:54:45.569848 INFO [core] 
2018-Feb-25 15:54:45.569848 INFO [core] **********************************************************************
2018-Feb-25 15:54:45.569848 INFO [core] The daemon will start synchronizing with the network. It may take up to several hours.
2018-Feb-25 15:54:45.569848 INFO [core] 
2018-Feb-25 15:54:45.569848 INFO [core] You can set the level of process detailization* through "set_log <level>" command*, where <level> is between 0 (no details) and 4 (very verbose).
2018-Feb-25 15:54:45.569848 INFO [core] 
2018-Feb-25 15:54:45.569848 INFO [core] Use "help" command to see the list of available commands.
2018-Feb-25 15:54:45.569848 INFO [core] 
2018-Feb-25 15:54:45.569848 INFO [core] Note: in case you need to interrupt the process, use "exit" command. Otherwise, the current progress won't be saved.
2018-Feb-25 15:54:45.569848 INFO [core] **********************************************************************
2018-Feb-25 15:54:50.908056 INFO [node_server] Stop signal sent
2018-Feb-25 15:54:50.908180 INFO [node_server] Stopping NodeServer and it's0 connections...
2018-Feb-25 15:54:50.908356 ERROR [node_server] Failed to connect to any of seed peers, continuing without seeds
2018-Feb-25 15:54:51.908879 INFO [node_server] NodeServer loop stopped
2018-Feb-25 15:54:51.908950 INFO [daemon] p2p net loop stopped
2018-Feb-25 15:54:51.908978 INFO [daemon] Stopping core rpc server...
2018-Feb-25 15:54:51.909039 INFO [daemon] Deinitializing core...
2018-Feb-25 15:54:51.909068 INFO [miner] Mining has been stopped, 0 finished
2018-Feb-25 15:54:51.909152 INFO [Blockchain] Saving blockchain...
2018-Feb-25 15:54:51.909201 INFO [BlockCacheSerializer] - saving block index...
2018-Feb-25 15:54:51.909231 INFO [BlockCacheSerializer] - saving transaction map...
2018-Feb-25 15:54:51.909258 INFO [BlockCacheSerializer] - saving spent keys...
2018-Feb-25 15:54:51.909284 INFO [BlockCacheSerializer] - saving outputs...
2018-Feb-25 15:54:51.909350 INFO [BlockCacheSerializer] - saving multi-signature outputs...
2018-Feb-25 15:54:51.909378 INFO [BlockCacheSerializer] Serialization time: 0ms
2018-Feb-25 15:54:51.909412 INFO [Blockchain] Saving blockchain indices...
2018-Feb-25 15:54:51.909449 INFO [BlockchainIndicesSerializer] - saving paymentID index...
2018-Feb-25 15:54:51.909476 INFO [BlockchainIndicesSerializer] - saving timestamp index...
2018-Feb-25 15:54:51.909503 INFO [BlockchainIndicesSerializer] - saving generated transactions index...
2018-Feb-25 15:54:51.909535 INFO [daemon] Deinitializing p2p...
2018-Feb-25 15:54:51.909632 INFO [miner] Mining has been stopped, 0 finished
2018-Feb-25 15:54:51.909839 INFO [daemon] Node stopped.
